<?xml version="1.0" encoding="UTF-8"?>
<testng-results skipped="0" failed="0" ignored="1" total="3" passed="2">
  <reporter-output>
    <line>
      <![CDATA[<div style="display:block;margin-left:10px;"><div  class="teststeppass"><span class="teststeppass-label">T </span>Given Open Tourism website</div><div  class="teststeppass"><span class="teststeppass-label">T </span>When Navigate on Flight tab</div><div  class="teststeppass"><span class="teststeppass-label">T </span>And Enter Flying from as 'Mumbai, India (BOM-Chhatrapati Shivaji Intl.)'</div><div style="display:block;margin-left:10px;"><div  class="teststeppass"><span class="teststeppass-label">T </span>sendKeys 'Mumbai, India (BOM-Chhatrapati Shivaji Intl.)' into 'txtbox.flyingFrom.flightsearch'</div></div><div  class="teststeppass"><span class="teststeppass-label">T </span>Then Enter Flying To as 'Bengaluru, India (BLR-Kempegowda Intl.)'</div><div style="display:block;margin-left:10px;"><div  class="teststeppass"><span class="teststeppass-label">T </span>sendKeys 'Bengaluru, India (BLR-Kempegowda Intl.)' into 'txtbox.flyingTo.flightsearch'</div></div><div  class="teststeppass"><span class="teststeppass-label">T </span>When Enter Departure date as '06/19/2018'</div><div style="display:block;margin-left:10px;"><div  class="teststeppass"><span class="teststeppass-label">T </span>sendKeys '06/19/2018' into 'txtbox.departingDate.flightsearch'</div></div><div  class="teststeppass"><span class="teststeppass-label">T </span>And Enter Return date as '08/08/2018'</div><div style="display:block;margin-left:10px;"><div  class="teststeppass"><span class="teststeppass-label">T </span>sendKeys '08/08/2018' into 'txtbox.returningDate.flightsearch'</div></div><div  class="teststeppass"><span class="teststeppass-label">T </span>Then click on Search button</div><div  class="teststeppass"><span class="teststeppass-label">T </span>When Validate the result 'BOM - BLR' from '{"locator":"xpath=//div[@data-test-id='airports']","desc":"source and destination links from results"}'</div></div>]]>
    </line>
    <line>
      <![CDATA[<div style="display:block;margin-left:10px;"><div  class="teststeppass"><span class="teststeppass-label">T </span>Given Open Tourism website</div><div  class="teststeppass"><span class="teststeppass-label">T </span>When Navigate on Flight tab</div><div  class="teststeppass"><span class="teststeppass-label">T </span>And Enter Flying from as 'Pune, India (PNQ-Lohegaon)'</div><div style="display:block;margin-left:10px;"><div  class="teststeppass"><span class="teststeppass-label">T </span>sendKeys 'Pune, India (PNQ-Lohegaon)' into 'txtbox.flyingFrom.flightsearch'</div></div><div  class="teststeppass"><span class="teststeppass-label">T </span>Then Enter Flying To as 'Delhi, India (DEL-Indira Gandhi Intl.)'</div><div style="display:block;margin-left:10px;"><div  class="teststeppass"><span class="teststeppass-label">T </span>sendKeys 'Delhi, India (DEL-Indira Gandhi Intl.)' into 'txtbox.flyingTo.flightsearch'</div></div><div  class="teststeppass"><span class="teststeppass-label">T </span>When Enter Departure date as '06/19/2018'</div><div style="display:block;margin-left:10px;"><div  class="teststeppass"><span class="teststeppass-label">T </span>sendKeys '06/19/2018' into 'txtbox.departingDate.flightsearch'</div></div><div  class="teststeppass"><span class="teststeppass-label">T </span>And Enter Return date as '08/08/2018'</div><div style="display:block;margin-left:10px;"><div  class="teststeppass"><span class="teststeppass-label">T </span>sendKeys '08/08/2018' into 'txtbox.returningDate.flightsearch'</div></div><div  class="teststeppass"><span class="teststeppass-label">T </span>Then click on Search button</div><div  class="teststeppass"><span class="teststeppass-label">T </span>When Validate the result 'PNQ - DEL' from '{"locator":"xpath=//div[@data-test-id='airports']","desc":"source and destination links from results"}'</div></div>]]>
    </line>
  </reporter-output>
  <suite name="QAF_Assignments.scenarios.FlightSearchScenario.bdd" duration-ms="48936" started-at="2018-02-21T06:30:00Z" finished-at="2018-02-21T06:30:48Z">
    <groups>
      <group name="P2">
        <method signature="scenarios.FlightSearchScenario.bdd.Flight Search( java.util.Map)[pri:1000, instance:com.qmetry.qaf.automation.step.client.DataDrivenScenario@3e8]" name="Flight Search" class="com.qmetry.qaf.automation.step.client.DataDrivenScenario"/>
      </group> <!-- P2 -->
      <group name="SMOKE">
        <method signature="scenarios.FlightSearchScenario.bdd.Flight Search( java.util.Map)[pri:1000, instance:com.qmetry.qaf.automation.step.client.DataDrivenScenario@3e8]" name="Flight Search" class="com.qmetry.qaf.automation.step.client.DataDrivenScenario"/>
      </group> <!-- SMOKE -->
    </groups>
    <test name="BDD Test" duration-ms="48936" started-at="2018-02-21T06:30:00Z" finished-at="2018-02-21T06:30:48Z">
      <class name="com.qmetry.qaf.automation.step.client.DataDrivenScenario">
        <test-method status="PASS" signature="setupSuit(org.testng.ITestContext)[pri:0, instance:com.qmetry.qaf.automation.step.client.DataDrivenScenario@3e8]" test-instance-name="Flight Search" name="setupSuit" is-config="true" duration-ms="51" started-at="2018-02-21T11:59:59Z" finished-at="2018-02-21T12:00:00Z">
          <params>
            <param index="0">
              <value>
                <![CDATA[org.testng.TestRunner@20d28811]]>
              </value>
            </param>
          </params>
          <reporter-output>
          </reporter-output>
        </test-method> <!-- setupSuit -->
        <test-method status="PASS" signature="setupTest(org.testng.ITestContext)[pri:0, instance:com.qmetry.qaf.automation.step.client.DataDrivenScenario@3e8]" test-instance-name="Flight Search" name="setupTest" is-config="true" duration-ms="3" started-at="2018-02-21T12:00:00Z" finished-at="2018-02-21T12:00:00Z">
          <params>
            <param index="0">
              <value>
                <![CDATA[org.testng.TestRunner@20d28811]]>
              </value>
            </param>
          </params>
          <reporter-output>
          </reporter-output>
        </test-method> <!-- setupTest -->
        <test-method status="PASS" signature="setup(org.testng.ITestContext)[pri:0, instance:com.qmetry.qaf.automation.step.client.DataDrivenScenario@3e8]" test-instance-name="Flight Search" name="setup" is-config="true" duration-ms="2" started-at="2018-02-21T12:00:00Z" finished-at="2018-02-21T12:00:00Z">
          <params>
            <param index="0">
              <value>
                <![CDATA[org.testng.TestRunner@20d28811]]>
              </value>
            </param>
          </params>
          <reporter-output>
          </reporter-output>
        </test-method> <!-- setup -->
        <test-method status="PASS" signature="setupMethod(java.lang.reflect.Method, org.testng.ITestContext)[pri:0, instance:com.qmetry.qaf.automation.step.client.DataDrivenScenario@3e8]" test-instance-name="Flight Search" name="setupMethod" is-config="true" duration-ms="2" started-at="2018-02-21T12:00:00Z" finished-at="2018-02-21T12:00:00Z">
          <params>
            <param index="0">
              <value>
                <![CDATA[public void com.qmetry.qaf.automation.step.client.DataDrivenScenario.scenario(java.util.Map)]]>
              </value>
            </param>
            <param index="1">
              <value>
                <![CDATA[org.testng.TestRunner@20d28811]]>
              </value>
            </param>
          </params>
          <reporter-output>
          </reporter-output>
        </test-method> <!-- setupMethod -->
        <test-method name="Flight Search" test-instance-name="Flight Search" signature="Flight Search( java.util.Map)[pri:1000, instance:com.qmetry.qaf.automation.step.client.DataDrivenScenario@3e8]" status="PASS" duration-ms="30372" finished-at="2018-02-21T12:00:30Z" started-at="2018-02-21T12:00:00Z" data-provider="scenariodp" description="Search for Flight">
          <params>
            <param index="0">
              <value>
                <![CDATA[{Source=Mumbai, India (BOM-Chhatrapati Shivaji Intl.), Destination=Bengaluru, India (BLR-Kempegowda Intl.), DepartureDate=06/19/2018, ReturnDate=08/08/2018, expected=BOM - BLR}]]>
              </value>
            </param>
          </params>
          <reporter-output>
            <line>
              <![CDATA[<div style="display:block;margin-left:10px;"><div  class="teststeppass"><span class="teststeppass-label">T </span>Given Open Tourism website</div><div  class="teststeppass"><span class="teststeppass-label">T </span>When Navigate on Flight tab</div><div  class="teststeppass"><span class="teststeppass-label">T </span>And Enter Flying from as 'Mumbai, India (BOM-Chhatrapati Shivaji Intl.)'</div><div style="display:block;margin-left:10px;"><div  class="teststeppass"><span class="teststeppass-label">T </span>sendKeys 'Mumbai, India (BOM-Chhatrapati Shivaji Intl.)' into 'txtbox.flyingFrom.flightsearch'</div></div><div  class="teststeppass"><span class="teststeppass-label">T </span>Then Enter Flying To as 'Bengaluru, India (BLR-Kempegowda Intl.)'</div><div style="display:block;margin-left:10px;"><div  class="teststeppass"><span class="teststeppass-label">T </span>sendKeys 'Bengaluru, India (BLR-Kempegowda Intl.)' into 'txtbox.flyingTo.flightsearch'</div></div><div  class="teststeppass"><span class="teststeppass-label">T </span>When Enter Departure date as '06/19/2018'</div><div style="display:block;margin-left:10px;"><div  class="teststeppass"><span class="teststeppass-label">T </span>sendKeys '06/19/2018' into 'txtbox.departingDate.flightsearch'</div></div><div  class="teststeppass"><span class="teststeppass-label">T </span>And Enter Return date as '08/08/2018'</div><div style="display:block;margin-left:10px;"><div  class="teststeppass"><span class="teststeppass-label">T </span>sendKeys '08/08/2018' into 'txtbox.returningDate.flightsearch'</div></div><div  class="teststeppass"><span class="teststeppass-label">T </span>Then click on Search button</div><div  class="teststeppass"><span class="teststeppass-label">T </span>When Validate the result 'BOM - BLR' from '{"locator":"xpath=//div[@data-test-id='airports']","desc":"source and destination links from results"}'</div></div>]]>
            </line>
          </reporter-output>
        </test-method> <!-- Flight Search -->
        <test-method status="PASS" signature="afterMethod(org.testng.ITestContext, org.testng.ITestResult)[pri:0, instance:com.qmetry.qaf.automation.step.client.DataDrivenScenario@3e8]" test-instance-name="Flight Search" name="afterMethod" is-config="true" duration-ms="3" started-at="2018-02-21T12:00:30Z" finished-at="2018-02-21T12:00:30Z">
          <params>
            <param index="0">
              <value>
                <![CDATA[org.testng.TestRunner@20d28811]]>
              </value>
            </param>
            <param index="1">
              <value>
                <![CDATA[[TestResult name=Flight Search status=SUCCESS method=scenarios.FlightSearchScenario.bdd.Flight Search( java.util.Map)[pri:1000, instance:com.qmetry.qaf.automation.step.client.DataDrivenScenario@3e8] output=<div style="display:block;margin-left:10px;"><div  class="teststeppass"><span class="teststeppass-label">T </span>Given Open Tourism website</div><div  class="teststeppass"><span class="teststeppass-label">T </span>When Navigate on Flight tab</div><div  class="teststeppass"><span class="teststeppass-label">T </span>And Enter Flying from as 'Mumbai, India (BOM-Chhatrapati Shivaji Intl.)'</div><div style="display:block;margin-left:10px;"><div  class="teststeppass"><span class="teststeppass-label">T </span>sendKeys 'Mumbai, India (BOM-Chhatrapati Shivaji Intl.)' into 'txtbox.flyingFrom.flightsearch'</div></div><div  class="teststeppass"><span class="teststeppass-label">T </span>Then Enter Flying To as 'Bengaluru, India (BLR-Kempegowda Intl.)'</div><div style="display:block;margin-left:10px;"><div  class="teststeppass"><span class="teststeppass-label">T </span>sendKeys 'Bengaluru, India (BLR-Kempegowda Intl.)' into 'txtbox.flyingTo.flightsearch'</div></div><div  class="teststeppass"><span class="teststeppass-label">T </span>When Enter Departure date as '06/19/2018'</div><div style="display:block;margin-left:10px;"><div  class="teststeppass"><span class="teststeppass-label">T </span>sendKeys '06/19/2018' into 'txtbox.departingDate.flightsearch'</div></div><div  class="teststeppass"><span class="teststeppass-label">T </span>And Enter Return date as '08/08/2018'</div><div style="display:block;margin-left:10px;"><div  class="teststeppass"><span class="teststeppass-label">T </span>sendKeys '08/08/2018' into 'txtbox.returningDate.flightsearch'</div></div><div  class="teststeppass"><span class="teststeppass-label">T </span>Then click on Search button</div><div  class="teststeppass"><span class="teststeppass-label">T </span>When Validate the result 'BOM - BLR' from '{"locator":"xpath=//div[@data-test-id='airports']","desc":"source and destination links from results"}'</div></div>]]]>
              </value>
            </param>
          </params>
          <reporter-output>
          </reporter-output>
        </test-method> <!-- afterMethod -->
        <test-method status="PASS" signature="setupMethod(java.lang.reflect.Method, org.testng.ITestContext)[pri:0, instance:com.qmetry.qaf.automation.step.client.DataDrivenScenario@3e8]" test-instance-name="Flight Search" name="setupMethod" is-config="true" duration-ms="2" started-at="2018-02-21T12:00:30Z" finished-at="2018-02-21T12:00:30Z">
          <params>
            <param index="0">
              <value>
                <![CDATA[public void com.qmetry.qaf.automation.step.client.DataDrivenScenario.scenario(java.util.Map)]]>
              </value>
            </param>
            <param index="1">
              <value>
                <![CDATA[org.testng.TestRunner@20d28811]]>
              </value>
            </param>
          </params>
          <reporter-output>
          </reporter-output>
        </test-method> <!-- setupMethod -->
        <test-method name="Flight Search" test-instance-name="Flight Search" signature="Flight Search( java.util.Map)[pri:1000, instance:com.qmetry.qaf.automation.step.client.DataDrivenScenario@3e8]" status="PASS" duration-ms="18343" finished-at="2018-02-21T12:00:48Z" started-at="2018-02-21T12:00:30Z" data-provider="scenariodp" description="Search for Flight">
          <params>
            <param index="0">
              <value>
                <![CDATA[{Source=Pune, India (PNQ-Lohegaon), Destination=Delhi, India (DEL-Indira Gandhi Intl.), DepartureDate=06/19/2018, ReturnDate=08/08/2018, expected=PNQ - DEL}]]>
              </value>
            </param>
          </params>
          <reporter-output>
            <line>
              <![CDATA[<div style="display:block;margin-left:10px;"><div  class="teststeppass"><span class="teststeppass-label">T </span>Given Open Tourism website</div><div  class="teststeppass"><span class="teststeppass-label">T </span>When Navigate on Flight tab</div><div  class="teststeppass"><span class="teststeppass-label">T </span>And Enter Flying from as 'Pune, India (PNQ-Lohegaon)'</div><div style="display:block;margin-left:10px;"><div  class="teststeppass"><span class="teststeppass-label">T </span>sendKeys 'Pune, India (PNQ-Lohegaon)' into 'txtbox.flyingFrom.flightsearch'</div></div><div  class="teststeppass"><span class="teststeppass-label">T </span>Then Enter Flying To as 'Delhi, India (DEL-Indira Gandhi Intl.)'</div><div style="display:block;margin-left:10px;"><div  class="teststeppass"><span class="teststeppass-label">T </span>sendKeys 'Delhi, India (DEL-Indira Gandhi Intl.)' into 'txtbox.flyingTo.flightsearch'</div></div><div  class="teststeppass"><span class="teststeppass-label">T </span>When Enter Departure date as '06/19/2018'</div><div style="display:block;margin-left:10px;"><div  class="teststeppass"><span class="teststeppass-label">T </span>sendKeys '06/19/2018' into 'txtbox.departingDate.flightsearch'</div></div><div  class="teststeppass"><span class="teststeppass-label">T </span>And Enter Return date as '08/08/2018'</div><div style="display:block;margin-left:10px;"><div  class="teststeppass"><span class="teststeppass-label">T </span>sendKeys '08/08/2018' into 'txtbox.returningDate.flightsearch'</div></div><div  class="teststeppass"><span class="teststeppass-label">T </span>Then click on Search button</div><div  class="teststeppass"><span class="teststeppass-label">T </span>When Validate the result 'PNQ - DEL' from '{"locator":"xpath=//div[@data-test-id='airports']","desc":"source and destination links from results"}'</div></div>]]>
            </line>
          </reporter-output>
        </test-method> <!-- Flight Search -->
        <test-method status="PASS" signature="afterMethod(org.testng.ITestContext, org.testng.ITestResult)[pri:0, instance:com.qmetry.qaf.automation.step.client.DataDrivenScenario@3e8]" test-instance-name="Flight Search" name="afterMethod" is-config="true" duration-ms="0" started-at="2018-02-21T12:00:48Z" finished-at="2018-02-21T12:00:48Z">
          <params>
            <param index="0">
              <value>
                <![CDATA[org.testng.TestRunner@20d28811]]>
              </value>
            </param>
            <param index="1">
              <value>
                <![CDATA[[TestResult name=Flight Search status=SUCCESS method=scenarios.FlightSearchScenario.bdd.Flight Search( java.util.Map)[pri:1000, instance:com.qmetry.qaf.automation.step.client.DataDrivenScenario@3e8] output=<div style="display:block;margin-left:10px;"><div  class="teststeppass"><span class="teststeppass-label">T </span>Given Open Tourism website</div><div  class="teststeppass"><span class="teststeppass-label">T </span>When Navigate on Flight tab</div><div  class="teststeppass"><span class="teststeppass-label">T </span>And Enter Flying from as 'Pune, India (PNQ-Lohegaon)'</div><div style="display:block;margin-left:10px;"><div  class="teststeppass"><span class="teststeppass-label">T </span>sendKeys 'Pune, India (PNQ-Lohegaon)' into 'txtbox.flyingFrom.flightsearch'</div></div><div  class="teststeppass"><span class="teststeppass-label">T </span>Then Enter Flying To as 'Delhi, India (DEL-Indira Gandhi Intl.)'</div><div style="display:block;margin-left:10px;"><div  class="teststeppass"><span class="teststeppass-label">T </span>sendKeys 'Delhi, India (DEL-Indira Gandhi Intl.)' into 'txtbox.flyingTo.flightsearch'</div></div><div  class="teststeppass"><span class="teststeppass-label">T </span>When Enter Departure date as '06/19/2018'</div><div style="display:block;margin-left:10px;"><div  class="teststeppass"><span class="teststeppass-label">T </span>sendKeys '06/19/2018' into 'txtbox.departingDate.flightsearch'</div></div><div  class="teststeppass"><span class="teststeppass-label">T </span>And Enter Return date as '08/08/2018'</div><div style="display:block;margin-left:10px;"><div  class="teststeppass"><span class="teststeppass-label">T </span>sendKeys '08/08/2018' into 'txtbox.returningDate.flightsearch'</div></div><div  class="teststeppass"><span class="teststeppass-label">T </span>Then click on Search button</div><div  class="teststeppass"><span class="teststeppass-label">T </span>When Validate the result 'PNQ - DEL' from '{"locator":"xpath=//div[@data-test-id='airports']","desc":"source and destination links from results"}'</div></div>]]]>
              </value>
            </param>
          </params>
          <reporter-output>
          </reporter-output>
        </test-method> <!-- afterMethod -->
        <test-method status="PASS" signature="afterClass(org.testng.ITestContext)[pri:0, instance:com.qmetry.qaf.automation.step.client.DataDrivenScenario@3e8]" test-instance-name="Flight Search" name="afterClass" is-config="true" duration-ms="1" started-at="2018-02-21T12:00:48Z" finished-at="2018-02-21T12:00:48Z">
          <params>
            <param index="0">
              <value>
                <![CDATA[org.testng.TestRunner@20d28811]]>
              </value>
            </param>
          </params>
          <reporter-output>
          </reporter-output>
        </test-method> <!-- afterClass -->
        <test-method status="PASS" signature="afterTest(org.testng.ITestContext)[pri:0, instance:com.qmetry.qaf.automation.step.client.DataDrivenScenario@3e8]" test-instance-name="Flight Search" name="afterTest" is-config="true" duration-ms="96" started-at="2018-02-21T12:00:48Z" finished-at="2018-02-21T12:00:48Z">
          <params>
            <param index="0">
              <value>
                <![CDATA[org.testng.TestRunner@20d28811]]>
              </value>
            </param>
          </params>
          <reporter-output>
          </reporter-output>
        </test-method> <!-- afterTest -->
        <test-method status="PASS" signature="afterSuit(org.testng.ITestContext)[pri:0, instance:com.qmetry.qaf.automation.step.client.DataDrivenScenario@3e8]" test-instance-name="Flight Search" name="afterSuit" is-config="true" duration-ms="2" started-at="2018-02-21T12:00:49Z" finished-at="2018-02-21T12:00:49Z">
          <params>
            <param index="0">
              <value>
                <![CDATA[org.testng.TestRunner@20d28811]]>
              </value>
            </param>
          </params>
          <reporter-output>
          </reporter-output>
        </test-method> <!-- afterSuit -->
      </class> <!-- com.qmetry.qaf.automation.step.client.DataDrivenScenario -->
    </test> <!-- BDD Test -->
  </suite> <!-- QAF_Assignments.scenarios.FlightSearchScenario.bdd -->
</testng-results>
