<?xml version="1.0" encoding="UTF-8"?>
<!-- Generated by org.testng.reporters.JUnitXMLReporter -->
<testsuite hostname="ICPL11485" ignored="1" name="BDD Test" tests="2" failures="0" timestamp="21 Feb 2018 06:30:49 GMT" time="48.936" errors="0">
  <testcase name="Flight Search" time="30.372" classname="com.qmetry.qaf.automation.step.client.DataDrivenScenario"/>
  <testcase name="Flight Search" time="18.343" classname="com.qmetry.qaf.automation.step.client.DataDrivenScenario"/>
  <testcase name="Flight Search" time="0.0" classname="com.qmetry.qaf.automation.step.client.DataDrivenScenario">
    <ignored/>
  </testcase> <!-- Flight Search -->
</testsuite> <!-- BDD Test -->
