<?xml version="1.0" encoding="UTF-8"?>
<!-- Generated by org.testng.reporters.JUnitXMLReporter -->
<testsuite hostname="ICPL11485" ignored="1" name="BDD Test" tests="2" failures="0" timestamp="15 Feb 2018 10:08:01 GMT" time="0.481" errors="0">
  <testcase name="Search Flight" time="0.323" classname="com.qmetry.qaf.automation.step.client.DataDrivenScenario">
    <skipped/>
  </testcase> <!-- Search Flight -->
  <testcase name="Search Flight" time="0.056" classname="com.qmetry.qaf.automation.step.client.DataDrivenScenario">
    <skipped/>
  </testcase> <!-- Search Flight -->
  <testcase name="Search Flight" time="0.0" classname="com.qmetry.qaf.automation.step.client.DataDrivenScenario">
    <ignored/>
  </testcase> <!-- Search Flight -->
</testsuite> <!-- BDD Test -->
